# JRE version: Java(TM) SE Runtime Environment (15.0.2+7) (build 15.0.2+7-27)
# Java VM: Java HotSpot(TM) 64-Bit Server VM (15.0.2+7-27, mixed mode, sharing, tiered, compressed oops, g1 gc, windows-amd64)
GC Precious Log:
 CPUs: 8 total, 8 available
 Memory: 10178M
 Large Page Support: Disabled
 NUMA Support: Disabled
 Compressed Oops: Enabled (Zero based)
 Heap Region Size: 2M
 Heap Min Capacity: 8M
 Heap Initial Capacity: 160M
 Heap Max Capacity: 2546M
 Pre-touch: Disabled
 Parallel Workers: 8
 Concurrent Workers: 2
 Concurrent Refinement Workers: 8
 Periodic GC: Disabled
Heap:
 garbage-first heap   total 65536K, used 30937K [0x0000000760e00000, 0x0000000800000000)
  region size 2048K, 4 young (8192K), 1 survivors (2048K)
 Metaspace       used 74008K, capacity 74950K, committed 75264K, reserved 1116160K
  class space    used 9036K, capacity 9345K, committed 9472K, reserved 1048576K
GC Heap History (20 events):
Event: 9023.360 GC heap before
{Heap before GC invocations=657 (full 0):
 garbage-first heap   total 65536K, used 52332K [0x0000000760e00000, 0x0000000800000000)
  region size 2048K, 11 young (22528K), 1 survivors (2048K)
 Metaspace       used 73208K, capacity 74078K, committed 74368K, reserved 1114112K
  class space    used 8963K, capacity 9238K, committed 9344K, reserved 1048576K
}
Event: 9023.361 GC heap after
{Heap after GC invocations=658 (full 0):
 garbage-first heap   total 65536K, used 31856K [0x0000000760e00000, 0x0000000800000000)
  region size 2048K, 1 young (2048K), 1 survivors (2048K)
 Metaspace       used 73208K, capacity 74078K, committed 74368K, reserved 1114112K
  class space    used 8963K, capacity 9238K, committed 9344K, reserved 1048576K
}
Event: 9023.897 GC heap before
{Heap before GC invocations=658 (full 0):
 garbage-first heap   total 65536K, used 50288K [0x0000000760e00000, 0x0000000800000000)
  region size 2048K, 11 young (22528K), 1 survivors (2048K)
 Metaspace       used 73208K, capacity 74078K, committed 74368K, reserved 1114112K
  class space    used 8963K, capacity 9238K, committed 9344K, reserved 1048576K
}
Event: 9023.898 GC heap after
{Heap after GC invocations=659 (full 0):
 garbage-first heap   total 65536K, used 31847K [0x0000000760e00000, 0x0000000800000000)
  region size 2048K, 1 young (2048K), 1 survivors (2048K)
 Metaspace       used 73208K, capacity 74078K, committed 74368K, reserved 1114112K
  class space    used 8963K, capacity 9238K, committed 9344K, reserved 1048576K
}
Event: 9024.356 GC heap before
{Heap before GC invocations=659 (full 0):
 garbage-first heap   total 65536K, used 52327K [0x0000000760e00000, 0x0000000800000000)
  region size 2048K, 11 young (22528K), 1 survivors (2048K)
 Metaspace       used 73208K, capacity 74078K, committed 74368K, reserved 1114112K
  class space    used 8963K, capacity 9238K, committed 9344K, reserved 1048576K
}
Event: 9024.357 GC heap after
{Heap after GC invocations=660 (full 0):
 garbage-first heap   total 65536K, used 31877K [0x0000000760e00000, 0x0000000800000000)
  region size 2048K, 1 young (2048K), 1 survivors (2048K)
 Metaspace       used 73208K, capacity 74078K, committed 74368K, reserved 1114112K
  class space    used 8963K, capacity 9238K, committed 9344K, reserved 1048576K
}
Event: 9024.898 GC heap before
{Heap before GC invocations=660 (full 0):
 garbage-first heap   total 65536K, used 52357K [0x0000000760e00000, 0x0000000800000000)
  region size 2048K, 11 young (22528K), 1 survivors (2048K)
 Metaspace       used 73208K, capacity 74078K, committed 74368K, reserved 1114112K
  class space    used 8963K, capacity 9238K, committed 9344K, reserved 1048576K
}
Event: 9024.899 GC heap after
{Heap after GC invocations=661 (full 0):
 garbage-first heap   total 65536K, used 31841K [0x0000000760e00000, 0x0000000800000000)
  region size 2048K, 1 young (2048K), 1 survivors (2048K)
 Metaspace       used 73208K, capacity 74078K, committed 74368K, reserved 1114112K
  class space    used 8963K, capacity 9238K, committed 9344K, reserved 1048576K
}
Event: 9025.353 GC heap before
{Heap before GC invocations=661 (full 0):
 garbage-first heap   total 65536K, used 52321K [0x0000000760e00000, 0x0000000800000000)
  region size 2048K, 11 young (22528K), 1 survivors (2048K)
 Metaspace       used 73208K, capacity 74078K, committed 74368K, reserved 1114112K
  class space    used 8963K, capacity 9238K, committed 9344K, reserved 1048576K
}
Event: 9025.354 GC heap after
{Heap after GC invocations=662 (full 0):
 garbage-first heap   total 65536K, used 31890K [0x0000000760e00000, 0x0000000800000000)
  region size 2048K, 1 young (2048K), 1 survivors (2048K)
 Metaspace       used 73208K, capacity 74078K, committed 74368K, reserved 1114112K
  class space    used 8963K, capacity 9238K, committed 9344K, reserved 1048576K
}
Event: 9025.810 GC heap before
{Heap before GC invocations=662 (full 0):
 garbage-first heap   total 65536K, used 52370K [0x0000000760e00000, 0x0000000800000000)
  region size 2048K, 11 young (22528K), 1 survivors (2048K)
 Metaspace       used 73208K, capacity 74078K, committed 74368K, reserved 1114112K
  class space    used 8963K, capacity 9238K, committed 9344K, reserved 1048576K
}
Event: 9025.811 GC heap after
{Heap after GC invocations=663 (full 0):
 garbage-first heap   total 65536K, used 31862K [0x0000000760e00000, 0x0000000800000000)
  region size 2048K, 1 young (2048K), 1 survivors (2048K)
 Metaspace       used 73208K, capacity 74078K, committed 74368K, reserved 1114112K
  class space    used 8963K, capacity 9238K, committed 9344K, reserved 1048576K
}
Event: 9028.384 GC heap before
{Heap before GC invocations=663 (full 0):
 garbage-first heap   total 65536K, used 48246K [0x0000000760e00000, 0x0000000800000000)
  region size 2048K, 10 young (20480K), 1 survivors (2048K)
 Metaspace       used 73324K, capacity 74183K, committed 74368K, reserved 1114112K
  class space    used 8984K, capacity 9273K, committed 9344K, reserved 1048576K
}
Event: 9029.113 GC heap after
{Heap after GC invocations=664 (full 1):
 garbage-first heap   total 65536K, used 23057K [0x0000000760e00000, 0x0000000800000000)
  region size 2048K, 0 young (0K), 0 survivors (0K)
 Metaspace       used 73322K, capacity 74180K, committed 74368K, reserved 1114112K
  class space    used 8983K, capacity 9272K, committed 9344K, reserved 1048576K
}
Event: 9030.590 GC heap before
{Heap before GC invocations=664 (full 1):
 garbage-first heap   total 65536K, used 51729K [0x0000000760e00000, 0x0000000800000000)
  region size 2048K, 15 young (30720K), 0 survivors (0K)
 Metaspace       used 73886K, capacity 74879K, committed 74880K, reserved 1114112K
  class space    used 9034K, capacity 9344K, committed 9344K, reserved 1048576K
}
Event: 9030.596 GC heap after
{Heap after GC invocations=665 (full 1):
 garbage-first heap   total 65536K, used 25810K [0x0000000760e00000, 0x0000000800000000)
  region size 2048K, 2 young (4096K), 2 survivors (4096K)
 Metaspace       used 73886K, capacity 74879K, committed 74880K, reserved 1114112K
  class space    used 9034K, capacity 9344K, committed 9344K, reserved 1048576K
}
Event: 9030.801 GC heap before
{Heap before GC invocations=665 (full 1):
 garbage-first heap   total 65536K, used 48338K [0x0000000760e00000, 0x0000000800000000)
  region size 2048K, 14 young (28672K), 2 survivors (4096K)
 Metaspace       used 73950K, capacity 74879K, committed 74880K, reserved 1114112K
  class space    used 9035K, capacity 9344K, committed 9344K, reserved 1048576K
}
Event: 9030.807 GC heap after
{Heap after GC invocations=666 (full 1):
 garbage-first heap   total 65536K, used 26910K [0x0000000760e00000, 0x0000000800000000)
  region size 2048K, 1 young (2048K), 1 survivors (2048K)
 Metaspace       used 73950K, capacity 74879K, committed 74880K, reserved 1114112K
  class space    used 9035K, capacity 9344K, committed 9344K, reserved 1048576K
}
Event: 9032.594 GC heap before
{Heap before GC invocations=666 (full 1):
 garbage-first heap   total 65536K, used 47390K [0x0000000760e00000, 0x0000000800000000)
  region size 2048K, 12 young (24576K), 1 survivors (2048K)
 Metaspace       used 73980K, capacity 74879K, committed 74880K, reserved 1114112K
  class space    used 9036K, capacity 9344K, committed 9344K, reserved 1048576K
}
Event: 9032.596 GC heap after
{Heap after GC invocations=667 (full 1):
 garbage-first heap   total 65536K, used 26841K [0x0000000760e00000, 0x0000000800000000)
  region size 2048K, 1 young (2048K), 1 survivors (2048K)
 Metaspace       used 73980K, capacity 74879K, committed 74880K, reserved 1114112K
  class space    used 9036K, capacity 9344K, committed 9344K, reserved 1048576K
}

